<?xml version="1.0" encoding="UTF-8"?>
<!-- Generated by org.testng.reporters.JUnitReportReporter -->
<testsuite skipped="0" hostname="jaharon-lt" name="JenkinsAutomation.DesktopWebTest" tests="4" failures="0" timestamp="25 Dec 2018 08:57:53 GMT" time="380.482" errors="0">
  <testcase name="testExperitest" time="11.424" classname="JenkinsAutomation.DesktopWebTest"/>
  <testcase name="testExperitest" time="342.361" classname="JenkinsAutomation.DesktopWebTest"/>
  <testcase name="testExperitest" time="12.703" classname="JenkinsAutomation.DesktopWebTest"/>
  <testcase name="testExperitest" time="13.994" classname="JenkinsAutomation.DesktopWebTest"/>
</testsuite> <!-- JenkinsAutomation.DesktopWebTest -->
