<?xml version="1.0" encoding="UTF-8"?>
<!-- Generated by org.testng.reporters.JUnitReportReporter -->
<testsuite skipped="0" hostname="jaharon-lt" name="JenkinsAutomation.IOSTest" tests="2" failures="0" timestamp="25 Dec 2018 08:57:53 GMT" time="39.821" errors="0">
  <testcase name="quickStartiOSNativeDemo" time="19.195" classname="JenkinsAutomation.IOSTest"/>
  <testcase name="quickStartiOSNativeDemo" time="20.626" classname="JenkinsAutomation.IOSTest"/>
</testsuite> <!-- JenkinsAutomation.IOSTest -->
