<?xml version="1.0" encoding="UTF-8"?>
<!-- Generated by org.testng.reporters.JUnitReportReporter -->
<testsuite skipped="0" hostname="jaharon-lt" name="JenkinsAutomation.AndroidTest" tests="2" failures="0" timestamp="25 Dec 2018 08:57:53 GMT" time="23.648" errors="0">
  <testcase name="quickStartAndroidNativeDemo" time="12.180" classname="JenkinsAutomation.AndroidTest"/>
  <testcase name="quickStartAndroidNativeDemo" time="11.468" classname="JenkinsAutomation.AndroidTest"/>
</testsuite> <!-- JenkinsAutomation.AndroidTest -->
